wallet/build/outputs/logs/manifest-merger-debug-report.txt
-- Merging decision tree log ---
manifest
ADDED from src/main/AndroidManifest.xml:2:1-260:12
	package
		ADDED from src/main/AndroidManifest.xml:3:5-38
		INJECTED from src/main/AndroidManifest.xml
		INJECTED from src/main/AndroidManifest.xml
	android:versionName
		INJECTED from src/main/AndroidManifest.xml
		INJECTED from src/main/AndroidManifest.xml
	xmlns:android
		ADDED from src/main/AndroidManifest.xml:2:11-69
	android:versionCode
		INJECTED from src/main/AndroidManifest.xml
		INJECTED from src/main/AndroidManifest.xml
	android:installLocation
		ADDED from src/main/AndroidManifest.xml:4:5-43
uses-permission#android.permission.INTERNET
ADDED from src/main/AndroidManifest.xml:6:5-67
MERGED from [com.google.firebase:firebase-crash:9.6.1] AndroidManifest.xml:18:5-66
MERGED from [com.google.firebase:firebase-analytics:9.6.1] AndroidManifest.xml:20:5-66
MERGED from [com.google.firebase:firebase-analytics-impl:9.6.1] AndroidManifest.xml:20:5-66
MERGED from [com.google.firebase:firebase-iid:9.6.1] AndroidManifest.xml:20:5-66
	android:name
		ADDED from src/main/AndroidManifest.xml:6:22-64
uses-permission#android.permission.WRITE_EXTERNAL_STORAGE
ADDED from src/main/AndroidManifest.xml:7:5-81
	android:name
		ADDED from src/main/AndroidManifest.xml:7:22-78
uses-permission#android.permission.READ_EXTERNAL_STORAGE
ADDED from src/main/AndroidManifest.xml:8:5-80
	android:name
		ADDED from src/main/AndroidManifest.xml:8:22-77
uses-permission#android.permission.NFC
ADDED from src/main/AndroidManifest.xml:9:5-62
	android:name
		ADDED from src/main/AndroidManifest.xml:9:22-59
uses-permission#android.permission.CAMERA
ADDED from src/main/AndroidManifest.xml:10:5-65
	android:name
		ADDED from src/main/AndroidManifest.xml:10:22-62
uses-permission#android.permission.VIBRATE
ADDED from src/main/AndroidManifest.xml:11:5-66
	android:name
		ADDED from src/main/AndroidManifest.xml:11:22-63
uses-permission#android.permission.WAKE_LOCK
ADDED from src/main/AndroidManifest.xml:12:5-68
MERGED from [com.google.firebase:firebase-analytics:9.6.1] AndroidManifest.xml:22:5-67
MERGED from [com.google.firebase:firebase-analytics-impl:9.6.1] AndroidManifest.xml:22:5-67
MERGED from [com.google.firebase:firebase-iid:9.6.1] AndroidManifest.xml:21:5-67
	android:name
		ADDED from src/main/AndroidManifest.xml:12:22-65
uses-permission#android.permission.RECEIVE_BOOT_COMPLETED
ADDED from src/main/AndroidManifest.xml:13:5-81
	android:name
		ADDED from src/main/AndroidManifest.xml:13:22-78
uses-permission#android.permission.BLUETOOTH
ADDED from src/main/AndroidManifest.xml:14:5-68
	android:name
		ADDED from src/main/AndroidManifest.xml:14:22-65
uses-permission#android.permission.ACCESS_NETWORK_STATE
ADDED from src/main/AndroidManifest.xml:15:5-79
MERGED from [com.google.firebase:firebase-analytics:9.6.1] AndroidManifest.xml:21:5-78
MERGED from [com.google.firebase:firebase-analytics-impl:9.6.1] AndroidManifest.xml:21:5-78
MERGED from [com.google.firebase:firebase-iid:9.6.1] AndroidManifest.xml:19:5-78
	android:name
		ADDED from src/main/AndroidManifest.xml:15:22-76
uses-feature#android.hardware.touchscreen
ADDED from src/main/AndroidManifest.xml:17:5-19:36
	android:required
		ADDED from src/main/AndroidManifest.xml:19:9-33
	android:name
		ADDED from src/main/AndroidManifest.xml:18:9-52
uses-feature#android.hardware.nfc
ADDED from src/main/AndroidManifest.xml:20:5-22:36
	android:required
		ADDED from src/main/AndroidManifest.xml:22:9-33
	android:name
		ADDED from src/main/AndroidManifest.xml:21:9-44
uses-feature#android.hardware.camera
ADDED from src/main/AndroidManifest.xml:23:5-25:36
	android:required
		ADDED from src/main/AndroidManifest.xml:25:9-33
	android:name
		ADDED from src/main/AndroidManifest.xml:24:9-47
uses-feature#android.hardware.camera.front
ADDED from src/main/AndroidManifest.xml:26:5-28:36
	android:required
		ADDED from src/main/AndroidManifest.xml:28:9-33
	android:name
		ADDED from src/main/AndroidManifest.xml:27:9-53
uses-feature#android.hardware.camera.autofocus
ADDED from src/main/AndroidManifest.xml:29:5-31:36
	android:required
		ADDED from src/main/AndroidManifest.xml:31:9-33
	android:name
		ADDED from src/main/AndroidManifest.xml:30:9-57
uses-feature#android.hardware.camera.flash
ADDED from src/main/AndroidManifest.xml:32:5-34:36
	android:required
		ADDED from src/main/AndroidManifest.xml:34:9-33
	android:name
		ADDED from src/main/AndroidManifest.xml:33:9-53
uses-feature#android.hardware.screen.landscape
ADDED from src/main/AndroidManifest.xml:35:5-37:36
	android:required
		ADDED from src/main/AndroidManifest.xml:37:9-33
	android:name
		ADDED from src/main/AndroidManifest.xml:36:9-57
uses-feature#android.hardware.bluetooth
ADDED from src/main/AndroidManifest.xml:38:5-40:36
	android:required
		ADDED from src/main/AndroidManifest.xml:40:9-33
	android:name
		ADDED from src/main/AndroidManifest.xml:39:9-50
supports-screens
ADDED from src/main/AndroidManifest.xml:42:5-47:40
	android:largeScreens
		ADDED from src/main/AndroidManifest.xml:44:9-36
	android:smallScreens
		ADDED from src/main/AndroidManifest.xml:46:9-36
	android:normalScreens
		ADDED from src/main/AndroidManifest.xml:45:9-37
	android:xlargeScreens
		ADDED from src/main/AndroidManifest.xml:47:9-37
	android:anyDensity
		ADDED from src/main/AndroidManifest.xml:43:9-34
application
ADDED from src/main/AndroidManifest.xml:49:5-258:19
MERGED from [com.google.firebase:firebase-core:9.6.1] AndroidManifest.xml:5:5-20
MERGED from [com.google.firebase:firebase-crash:9.6.1] AndroidManifest.xml:22:5-28:19
MERGED from [com.google.firebase:firebase-analytics:9.6.1] AndroidManifest.xml:24:5-33:19
MERGED from [com.google.firebase:firebase-analytics-impl:9.6.1] AndroidManifest.xml:24:5-28:19
MERGED from [com.google.firebase:firebase-iid:9.6.1] AndroidManifest.xml:28:5-50:19
MERGED from [com.google.firebase:firebase-common:9.6.1] AndroidManifest.xml:4:5-7:19
MERGED from [com.google.android.gms:play-services-tasks:9.6.1] AndroidManifest.xml:4:5-19
MERGED from [com.google.android.gms:play-services-basement:9.6.1] AndroidManifest.xml:19:5-21:19
MERGED from [com.android.support:gridlayout-v7:23.3.0] AndroidManifest.xml:22:5-20
MERGED from [com.android.support:appcompat-v7:23.3.0] AndroidManifest.xml:25:5-20
MERGED from [com.android.support:animated-vector-drawable:23.3.0] AndroidManifest.xml:7:5-20
MERGED from [com.android.support:support-vector-drawable:23.3.0] AndroidManifest.xml:7:5-20
MERGED from [ch.acra:acra:4.8.5] AndroidManifest.xml:39:5-43:19
MERGED from [com.android.support:support-v4:24.0.0] AndroidManifest.xml:25:5-20
MERGED from [com.android.support.constraint:constraint-layout:1.0.2] AndroidManifest.xml:9:5-20
	android:label
		ADDED from src/main/AndroidManifest.xml:54:9-41
	android:hardwareAccelerated
		ADDED from src/main/AndroidManifest.xml:52:9-43
	android:allowBackup
		ADDED from src/main/AndroidManifest.xml:51:9-36
	android:icon
		ADDED from src/main/AndroidManifest.xml:53:9-49
	android:theme
		ADDED from src/main/AndroidManifest.xml:55:9-40
	android:name
		ADDED from src/main/AndroidManifest.xml:50:9-42
activity#com.bachduong.bitwallet.ui.WalletActivity
ADDED from src/main/AndroidManifest.xml:56:9-60:58
	android:label
		ADDED from src/main/AndroidManifest.xml:58:13-45
	android:windowSoftInputMode
		ADDED from src/main/AndroidManifest.xml:60:13-55
	android:theme
		ADDED from src/main/AndroidManifest.xml:59:13-44
	android:name
		ADDED from src/main/AndroidManifest.xml:57:13-46
activity#com.bachduong.bitwallet.ui.SendActivity
ADDED from src/main/AndroidManifest.xml:61:9-107:20
	android:label
		ADDED from src/main/AndroidManifest.xml:63:13-62
	android:theme
		ADDED from src/main/AndroidManifest.xml:64:13-44
	android:name
		ADDED from src/main/AndroidManifest.xml:62:13-44
intent-filter#android.intent.action.VIEW+android.intent.category.BROWSABLE+android.intent.category.DEFAULT
ADDED from src/main/AndroidManifest.xml:65:13-106:29
	android:label
		ADDED from src/main/AndroidManifest.xml:65:28-60
action#android.intent.action.VIEW
ADDED from src/main/AndroidManifest.xml:66:17-69
	android:name
		ADDED from src/main/AndroidManifest.xml:66:25-66
data
ADDED from src/main/AndroidManifest.xml:68:17-50
	android:scheme
		ADDED from src/main/AndroidManifest.xml:68:23-47
category#android.intent.category.DEFAULT
ADDED from src/main/AndroidManifest.xml:104:17-76
	android:name
		ADDED from src/main/AndroidManifest.xml:104:27-73
category#android.intent.category.BROWSABLE
ADDED from src/main/AndroidManifest.xml:105:17-78
	android:name
		ADDED from src/main/AndroidManifest.xml:105:27-75
activity#com.bachduong.bitwallet.ui.IntroActivity
ADDED from src/main/AndroidManifest.xml:108:9-111:58
	android:windowSoftInputMode
		ADDED from src/main/AndroidManifest.xml:111:13-55
	android:theme
		ADDED from src/main/AndroidManifest.xml:110:13-54
	android:name
		ADDED from src/main/AndroidManifest.xml:109:13-45
activity#com.bachduong.bitwallet.ui.PasswordConfirmationActivity
ADDED from src/main/AndroidManifest.xml:112:9-115:58
	android:windowSoftInputMode
		ADDED from src/main/AndroidManifest.xml:115:13-55
	android:theme
		ADDED from src/main/AndroidManifest.xml:114:13-54
	android:name
		ADDED from src/main/AndroidManifest.xml:113:13-60
activity#com.bachduong.bitwallet.ui.SignTransactionActivity
ADDED from src/main/AndroidManifest.xml:116:9-119:57
	android:windowSoftInputMode
		ADDED from src/main/AndroidManifest.xml:119:13-54
	android:theme
		ADDED from src/main/AndroidManifest.xml:118:13-54
	android:name
		ADDED from src/main/AndroidManifest.xml:117:13-55
activity#com.bachduong.bitwallet.ui.ScanActivity
ADDED from src/main/AndroidManifest.xml:120:9-126:63
	android:screenOrientation
		ADDED from src/main/AndroidManifest.xml:123:13-50
	android:stateNotNeeded
		ADDED from src/main/AndroidManifest.xml:124:13-42
	android:windowSoftInputMode
		ADDED from src/main/AndroidManifest.xml:126:13-60
	android:configChanges
		ADDED from src/main/AndroidManifest.xml:122:13-72
	android:theme
		ADDED from src/main/AndroidManifest.xml:125:13-54
	android:name
		ADDED from src/main/AndroidManifest.xml:121:13-44
activity#com.bachduong.bitwallet.ui.AboutActivity
ADDED from src/main/AndroidManifest.xml:127:9-134:20
	android:label
		ADDED from src/main/AndroidManifest.xml:129:13-57
	android:theme
		ADDED from src/main/AndroidManifest.xml:130:13-44
	android:name
		ADDED from src/main/AndroidManifest.xml:128:13-45
meta-data#android.support.PARENT_ACTIVITY
ADDED from src/main/AndroidManifest.xml:131:13-133:77
	android:value
		ADDED from src/main/AndroidManifest.xml:133:17-74
	android:name
		ADDED from src/main/AndroidManifest.xml:132:17-63
activity#com.bachduong.bitwallet.ui.AddCoinsActivity
ADDED from src/main/AndroidManifest.xml:135:9-142:20
	android:label
		ADDED from src/main/AndroidManifest.xml:137:13-61
	android:theme
		ADDED from src/main/AndroidManifest.xml:138:13-44
	android:name
		ADDED from src/main/AndroidManifest.xml:136:13-48
activity#com.bachduong.bitwallet.ui.TransactionDetailsActivity
ADDED from src/main/AndroidManifest.xml:143:9-146:47
	android:label
		ADDED from src/main/AndroidManifest.xml:145:13-71
	android:theme
		ADDED from src/main/AndroidManifest.xml:146:13-44
	android:name
		ADDED from src/main/AndroidManifest.xml:144:13-58
activity#com.bachduong.bitwallet.ui.ExchangeRatesActivity
ADDED from src/main/AndroidManifest.xml:147:9-154:20
	android:label
		ADDED from src/main/AndroidManifest.xml:149:13-66
	android:theme
		ADDED from src/main/AndroidManifest.xml:150:13-44
	android:name
		ADDED from src/main/AndroidManifest.xml:148:13-53
activity#com.bachduong.bitwallet.ui.PreviousAddressesActivity
ADDED from src/main/AndroidManifest.xml:155:9-158:47
	android:label
		ADDED from src/main/AndroidManifest.xml:157:13-70
	android:theme
		ADDED from src/main/AndroidManifest.xml:158:13-44
	android:name
		ADDED from src/main/AndroidManifest.xml:156:13-57
activity#com.bachduong.bitwallet.ui.SettingsActivity
ADDED from src/main/AndroidManifest.xml:159:9-166:20
	android:label
		ADDED from src/main/AndroidManifest.xml:161:13-60
	android:theme
		ADDED from src/main/AndroidManifest.xml:162:13-44
	android:name
		ADDED from src/main/AndroidManifest.xml:160:13-48
activity#com.bachduong.bitwallet.ui.ShowSeedActivity
ADDED from src/main/AndroidManifest.xml:167:9-174:20
	android:label
		ADDED from src/main/AndroidManifest.xml:169:13-61
	android:theme
		ADDED from src/main/AndroidManifest.xml:170:13-44
	android:name
		ADDED from src/main/AndroidManifest.xml:168:13-48
activity#com.bachduong.bitwallet.ui.TradeActivity
ADDED from src/main/AndroidManifest.xml:175:9-182:20
	android:label
		ADDED from src/main/AndroidManifest.xml:177:13-57
	android:theme
		ADDED from src/main/AndroidManifest.xml:178:13-44
	android:name
		ADDED from src/main/AndroidManifest.xml:176:13-45
activity#com.bachduong.bitwallet.ui.ExchangeHistoryActivity
ADDED from src/main/AndroidManifest.xml:183:9-190:20
	android:label
		ADDED from src/main/AndroidManifest.xml:185:13-68
	android:theme
		ADDED from src/main/AndroidManifest.xml:186:13-44
	android:name
		ADDED from src/main/AndroidManifest.xml:184:13-55
activity#com.bachduong.bitwallet.ui.TradeStatusActivity
ADDED from src/main/AndroidManifest.xml:191:9-194:47
	android:label
		ADDED from src/main/AndroidManifest.xml:193:13-67
	android:theme
		ADDED from src/main/AndroidManifest.xml:194:13-44
	android:name
		ADDED from src/main/AndroidManifest.xml:192:13-51
activity#com.bachduong.bitwallet.ui.SignVerifyMessageActivity
ADDED from src/main/AndroidManifest.xml:195:9-198:47
	android:label
		ADDED from src/main/AndroidManifest.xml:197:13-71
	android:theme
		ADDED from src/main/AndroidManifest.xml:198:13-44
	android:name
		ADDED from src/main/AndroidManifest.xml:196:13-57
activity#com.bachduong.bitwallet.ui.AccountDetailsActivity
ADDED from src/main/AndroidManifest.xml:199:9-202:47
	android:label
		ADDED from src/main/AndroidManifest.xml:201:13-67
	android:theme
		ADDED from src/main/AndroidManifest.xml:202:13-44
	android:name
		ADDED from src/main/AndroidManifest.xml:200:13-54
activity#com.bachduong.bitwallet.ui.SweepWalletActivity
ADDED from src/main/AndroidManifest.xml:203:9-206:47
	android:label
		ADDED from src/main/AndroidManifest.xml:205:13-64
	android:theme
		ADDED from src/main/AndroidManifest.xml:206:13-44
	android:name
		ADDED from src/main/AndroidManifest.xml:204:13-51
activity#com.bachduong.bitwallet.ui.FeesSettingsActivity
ADDED from src/main/AndroidManifest.xml:207:9-214:20
	android:label
		ADDED from src/main/AndroidManifest.xml:209:13-68
	android:theme
		ADDED from src/main/AndroidManifest.xml:210:13-44
	android:name
		ADDED from src/main/AndroidManifest.xml:208:13-52
activity#com.bachduong.bitwallet.ui.DebuggingActivity
ADDED from src/main/AndroidManifest.xml:215:9-222:20
	android:label
		ADDED from src/main/AndroidManifest.xml:217:13-61
	android:theme
		ADDED from src/main/AndroidManifest.xml:218:13-44
	android:name
		ADDED from src/main/AndroidManifest.xml:216:13-49
provider#com.bachduong.bitwallet.ExchangeRatesProvider
ADDED from src/main/AndroidManifest.xml:224:9-227:40
	android:authorities
		ADDED from src/main/AndroidManifest.xml:226:13-73
	android:exported
		ADDED from src/main/AndroidManifest.xml:227:13-37
	android:name
		ADDED from src/main/AndroidManifest.xml:225:13-50
provider#com.bachduong.bitwallet.AddressBookProvider
ADDED from src/main/AndroidManifest.xml:228:9-231:40
	android:authorities
		ADDED from src/main/AndroidManifest.xml:230:13-71
	android:exported
		ADDED from src/main/AndroidManifest.xml:231:13-37
	android:name
		ADDED from src/main/AndroidManifest.xml:229:13-48
provider#com.bachduong.bitwallet.ExchangeHistoryProvider
ADDED from src/main/AndroidManifest.xml:232:9-235:40
	android:authorities
		ADDED from src/main/AndroidManifest.xml:234:13-75
	android:exported
		ADDED from src/main/AndroidManifest.xml:235:13-37
	android:name
		ADDED from src/main/AndroidManifest.xml:233:13-52
service#com.bachduong.bitwallet.service.CoinServiceImpl
ADDED from src/main/AndroidManifest.xml:237:9-239:40
	android:exported
		ADDED from src/main/AndroidManifest.xml:239:13-37
	android:name
		ADDED from src/main/AndroidManifest.xml:238:13-52
activity#com.bachduong.bitwallet.ui2.PinLoginActivity
ADDED from src/main/AndroidManifest.xml:242:9-247:20
	android:windowSoftInputMode
		ADDED from src/main/AndroidManifest.xml:245:13-54
	android:theme
		ADDED from src/main/AndroidManifest.xml:244:13-44
	android:name
		ADDED from src/main/AndroidManifest.xml:243:13-49
activity#com.bachduong.bitwallet.ui.PairUsbPinActivity
ADDED from src/main/AndroidManifest.xml:248:9-59
	android:name
		ADDED from src/main/AndroidManifest.xml:248:19-56
activity#com.bachduong.bitwallet.ui2.MainActivity
ADDED from src/main/AndroidManifest.xml:249:9-257:20
	android:screenOrientation
		ADDED from src/main/AndroidManifest.xml:251:13-49
	android:name
		ADDED from src/main/AndroidManifest.xml:250:13-45
intent-filter#android.intent.action.MAIN+android.intent.category.LAUNCHER
ADDED from src/main/AndroidManifest.xml:252:13-256:29
action#android.intent.action.MAIN
ADDED from src/main/AndroidManifest.xml:253:17-69
	android:name
		ADDED from src/main/AndroidManifest.xml:253:25-66
category#android.intent.category.LAUNCHER
ADDED from src/main/AndroidManifest.xml:255:17-77
	android:name
		ADDED from src/main/AndroidManifest.xml:255:27-74
uses-sdk
INJECTED from src/main/AndroidManifest.xml reason: use-sdk injection requested
MERGED from [com.google.firebase:firebase-core:9.6.1] AndroidManifest.xml:4:5-42
MERGED from [com.google.firebase:firebase-crash:9.6.1] AndroidManifest.xml:20:5-42
MERGED from [com.google.firebase:firebase-analytics:9.6.1] AndroidManifest.xml:17:5-42
MERGED from [com.google.firebase:firebase-analytics-impl:9.6.1] AndroidManifest.xml:17:5-42
MERGED from [com.google.firebase:firebase-iid:9.6.1] AndroidManifest.xml:17:5-42
MERGED from [com.google.firebase:firebase-common:9.6.1] AndroidManifest.xml:3:5-42
MERGED from [com.google.android.gms:play-services-tasks:9.6.1] AndroidManifest.xml:3:5-42
MERGED from [com.google.android.gms:play-services-basement:9.6.1] AndroidManifest.xml:17:5-42
MERGED from [com.android.support:gridlayout-v7:23.3.0] AndroidManifest.xml:20:5-43
MERGED from [com.android.support:appcompat-v7:23.3.0] AndroidManifest.xml:21:5-23:78
MERGED from [com.android.support:animated-vector-drawable:23.3.0] AndroidManifest.xml:5:5-44
MERGED from [com.android.support:support-vector-drawable:23.3.0] AndroidManifest.xml:5:5-43
MERGED from [ch.acra:acra:4.8.5] AndroidManifest.xml:37:5-72
MERGED from [com.android.support:support-v4:24.0.0] AndroidManifest.xml:21:5-23:54
MERGED from [com.android.support:support-v4-preferencefragment:1.0.0] AndroidManifest.xml:15:5-72
MERGED from [com.android.support.constraint:constraint-layout:1.0.2] AndroidManifest.xml:5:5-7:41
	tools:overrideLibrary
		ADDED from [com.android.support:appcompat-v7:23.3.0] AndroidManifest.xml:23:9-75
	android:targetSdkVersion
		INJECTED from src/main/AndroidManifest.xml
		INJECTED from src/main/AndroidManifest.xml
	android:minSdkVersion
		INJECTED from src/main/AndroidManifest.xml
		INJECTED from src/main/AndroidManifest.xml
service#com.google.firebase.crash.internal.service.FirebaseCrashReceiverService
ADDED from [com.google.firebase:firebase-crash:9.6.1] AndroidManifest.xml:24:9-117
	android:process
		ADDED from [com.google.firebase:firebase-crash:9.6.1] AndroidManifest.xml:24:80-115
	android:name
		ADDED from [com.google.firebase:firebase-crash:9.6.1] AndroidManifest.xml:24:18-79
service#com.google.firebase.crash.internal.service.FirebaseCrashSenderService
ADDED from [com.google.firebase:firebase-crash:9.6.1] AndroidManifest.xml:26:9-115
	android:process
		ADDED from [com.google.firebase:firebase-crash:9.6.1] AndroidManifest.xml:26:78-113
	android:name
		ADDED from [com.google.firebase:firebase-crash:9.6.1] AndroidManifest.xml:26:18-77
receiver#com.google.android.gms.measurement.AppMeasurementReceiver
ADDED from [com.google.firebase:firebase-analytics:9.6.1] AndroidManifest.xml:25:7-26:18
MERGED from [com.google.firebase:firebase-analytics-impl:9.6.1] AndroidManifest.xml:25:7-26:18
	android:enabled
		ADDED from [com.google.firebase:firebase-analytics:9.6.1] AndroidManifest.xml:25:90-112
	android:exported
		ADDED from [com.google.firebase:firebase-analytics:9.6.1] AndroidManifest.xml:25:113-137
	android:name
		ADDED from [com.google.firebase:firebase-analytics:9.6.1] AndroidManifest.xml:25:17-89
receiver#com.google.android.gms.measurement.AppMeasurementInstallReferrerReceiver
ADDED from [com.google.firebase:firebase-analytics:9.6.1] AndroidManifest.xml:27:7-31:18
	android:enabled
		ADDED from [com.google.firebase:firebase-analytics:9.6.1] AndroidManifest.xml:27:162-184
	android:permission
		ADDED from [com.google.firebase:firebase-analytics:9.6.1] AndroidManifest.xml:27:105-161
	android:name
		ADDED from [com.google.firebase:firebase-analytics:9.6.1] AndroidManifest.xml:27:17-104
intent-filter#com.android.vending.INSTALL_REFERRER
ADDED from [com.google.firebase:firebase-analytics:9.6.1] AndroidManifest.xml:28:11-30:27
action#com.android.vending.INSTALL_REFERRER
ADDED from [com.google.firebase:firebase-analytics:9.6.1] AndroidManifest.xml:29:15-76
	android:name
		ADDED from [com.google.firebase:firebase-analytics:9.6.1] AndroidManifest.xml:29:23-74
service#com.google.android.gms.measurement.AppMeasurementService
ADDED from [com.google.firebase:firebase-analytics:9.6.1] AndroidManifest.xml:32:7-137
MERGED from [com.google.firebase:firebase-analytics-impl:9.6.1] AndroidManifest.xml:27:7-137
	android:enabled
		ADDED from [com.google.firebase:firebase-analytics:9.6.1] AndroidManifest.xml:32:88-110
	android:exported
		ADDED from [com.google.firebase:firebase-analytics:9.6.1] AndroidManifest.xml:32:111-135
	android:name
		ADDED from [com.google.firebase:firebase-analytics:9.6.1] AndroidManifest.xml:32:16-87
uses-permission#com.google.android.c2dm.permission.RECEIVE
ADDED from [com.google.firebase:firebase-iid:9.6.1] AndroidManifest.xml:22:5-81
	android:name
		ADDED from [com.google.firebase:firebase-iid:9.6.1] AndroidManifest.xml:22:22-79
permission#${applicationId}.permission.C2D_MESSAGE
ADDED from [com.google.firebase:firebase-iid:9.6.1] AndroidManifest.xml:24:5-109
	android:protectionLevel
		ADDED from [com.google.firebase:firebase-iid:9.6.1] AndroidManifest.xml:24:72-107
	android:name
		ADDED from [com.google.firebase:firebase-iid:9.6.1] AndroidManifest.xml:24:17-71
uses-permission#${applicationId}.permission.C2D_MESSAGE
ADDED from [com.google.firebase:firebase-iid:9.6.1] AndroidManifest.xml:26:5-78
	android:name
		ADDED from [com.google.firebase:firebase-iid:9.6.1] AndroidManifest.xml:26:22-76
receiver#com.google.firebase.iid.FirebaseInstanceIdReceiver
ADDED from [com.google.firebase:firebase-iid:9.6.1] AndroidManifest.xml:30:9-36:20
	android:exported
		ADDED from [com.google.firebase:firebase-iid:9.6.1] AndroidManifest.xml:30:85-108
	android:permission
		ADDED from [com.google.firebase:firebase-iid:9.6.1] AndroidManifest.xml:30:109-169
	android:name
		ADDED from [com.google.firebase:firebase-iid:9.6.1] AndroidManifest.xml:30:19-84
intent-filter#${applicationId}+com.google.android.c2dm.intent.RECEIVE+com.google.android.c2dm.intent.REGISTRATION
ADDED from [com.google.firebase:firebase-iid:9.6.1] AndroidManifest.xml:31:13-35:29
action#com.google.android.c2dm.intent.RECEIVE
ADDED from [com.google.firebase:firebase-iid:9.6.1] AndroidManifest.xml:32:17-80
	android:name
		ADDED from [com.google.firebase:firebase-iid:9.6.1] AndroidManifest.xml:32:25-78
action#com.google.android.c2dm.intent.REGISTRATION
ADDED from [com.google.firebase:firebase-iid:9.6.1] AndroidManifest.xml:33:17-85
	android:name
		ADDED from [com.google.firebase:firebase-iid:9.6.1] AndroidManifest.xml:33:25-83
category#${applicationId}
ADDED from [com.google.firebase:firebase-iid:9.6.1] AndroidManifest.xml:34:17-60
	android:name
		ADDED from [com.google.firebase:firebase-iid:9.6.1] AndroidManifest.xml:34:27-58
receiver#com.google.firebase.iid.FirebaseInstanceIdInternalReceiver
ADDED from [com.google.firebase:firebase-iid:9.6.1] AndroidManifest.xml:40:9-119
	android:exported
		ADDED from [com.google.firebase:firebase-iid:9.6.1] AndroidManifest.xml:40:93-117
	android:name
		ADDED from [com.google.firebase:firebase-iid:9.6.1] AndroidManifest.xml:40:19-92
service#com.google.firebase.iid.FirebaseInstanceIdService
ADDED from [com.google.firebase:firebase-iid:9.6.1] AndroidManifest.xml:44:9-48:19
	android:exported
		ADDED from [com.google.firebase:firebase-iid:9.6.1] AndroidManifest.xml:44:83-106
	android:name
		ADDED from [com.google.firebase:firebase-iid:9.6.1] AndroidManifest.xml:44:18-82
intent-filter#com.google.firebase.INSTANCE_ID_EVENT
ADDED from [com.google.firebase:firebase-iid:9.6.1] AndroidManifest.xml:45:13-47:29
	android:priority
		ADDED from [com.google.firebase:firebase-iid:9.6.1] AndroidManifest.xml:45:28-51
action#com.google.firebase.INSTANCE_ID_EVENT
ADDED from [com.google.firebase:firebase-iid:9.6.1] AndroidManifest.xml:46:17-79
	android:name
		ADDED from [com.google.firebase:firebase-iid:9.6.1] AndroidManifest.xml:46:25-77
provider#com.google.firebase.provider.FirebaseInitProvider
ADDED from [com.google.firebase:firebase-common:9.6.1] AndroidManifest.xml:6:9-175
	android:authorities
		ADDED from [com.google.firebase:firebase-common:9.6.1] AndroidManifest.xml:6:19-78
	android:exported
		ADDED from [com.google.firebase:firebase-common:9.6.1] AndroidManifest.xml:6:125-149
	android:initOrder
		ADDED from [com.google.firebase:firebase-common:9.6.1] AndroidManifest.xml:6:150-173
	android:name
		ADDED from [com.google.firebase:firebase-common:9.6.1] AndroidManifest.xml:6:79-124
meta-data#com.google.android.gms.version
ADDED from [com.google.android.gms:play-services-basement:9.6.1] AndroidManifest.xml:20:9-121
	android:value
		ADDED from [com.google.android.gms:play-services-basement:9.6.1] AndroidManifest.xml:20:66-119
	android:name
		ADDED from [com.google.android.gms:play-services-basement:9.6.1] AndroidManifest.xml:20:20-65
activity#org.acra.dialog.CrashReportDialog
ADDED from [ch.acra:acra:4.8.5] AndroidManifest.xml:40:9-217
	android:excludeFromRecents
		ADDED from [ch.acra:acra:4.8.5] AndroidManifest.xml:40:19-52
	android:launchMode
		ADDED from [ch.acra:acra:4.8.5] AndroidManifest.xml:40:87-122
	android:finishOnTaskLaunch
		ADDED from [ch.acra:acra:4.8.5] AndroidManifest.xml:40:53-86
	android:theme
		ADDED from [ch.acra:acra:4.8.5] AndroidManifest.xml:40:172-215
	android:name
		ADDED from [ch.acra:acra:4.8.5] AndroidManifest.xml:40:123-171
service#org.acra.sender.SenderService
ADDED from [ch.acra:acra:4.8.5] AndroidManifest.xml:42:9-113
	android:process
		ADDED from [ch.acra:acra:4.8.5] AndroidManifest.xml:42:88-111
	android:exported
		ADDED from [ch.acra:acra:4.8.5] AndroidManifest.xml:42:18-42
	android:name
		ADDED from [ch.acra:acra:4.8.5] AndroidManifest.xml:42:43-87